derived: fluent-mysql-driver[everything] 4.0.0..<5.0.0
derived: fluent[everything] 4.0.0..<5.0.0
derived: vapor[everything] 4.0.0..<5.0.0
decision: fluent-mysql-driver[https://github.com/vapor/fluent-mysql-driver.git]@4.0.0
derived: swift-log[everything] 1.0.0..<2.0.0
derived: mysql-kit[everything] 4.0.0..<5.0.0
derived: fluent-kit[everything] 1.6.0..<2.0.0
decision: fluent[https://github.com/vapor/fluent.git]@4.2.0
derived: vapor[everything] 4.39.0..<5.0.0
decision: vapor[https://github.com/vapor/vapor.git]@4.45.2
derived: multipart-kit[everything] 4.0.0..<5.0.0
derived: websocket-kit[everything] 2.0.0..<3.0.0
derived: swift-metrics[everything] 2.0.0..<3.0.0
derived: swift-nio-extras[everything] 1.0.0..<2.0.0
derived: swift-nio-http2[everything] 1.13.0..<2.0.0
derived: swift-nio-ssl[everything] 2.8.0..<3.0.0
derived: swift-nio[everything] 2.18.0..<3.0.0
derived: swift-backtrace[everything] 1.1.1..<2.0.0
derived: routing-kit[everything] 4.0.0..<5.0.0
derived: swift-crypto[everything] 1.0.0..<2.0.0
derived: console-kit[everything] 4.0.0..<5.0.0
derived: async-kit[everything] 1.0.0..<2.0.0
derived: async-http-client[everything] 1.2.0..<2.0.0
decision: swift-log[https://github.com/apple/swift-log.git]@1.4.2
decision: mysql-kit[https://github.com/vapor/mysql-kit.git]@4.1.0
derived: sql-kit[everything] 3.0.0..<4.0.0
derived: mysql-nio[everything] 1.0.0..<2.0.0
decision: fluent-kit[https://github.com/vapor/fluent-kit.git]@1.12.0
derived: sql-kit[everything] 3.1.0..<4.0.0
decision: multipart-kit[https://github.com/vapor/multipart-kit.git]@4.0.2
decision: websocket-kit[https://github.com/vapor/websocket-kit.git]@2.1.2
decision: swift-metrics[https://github.com/apple/swift-metrics.git]@2.1.1
decision: swift-nio-extras[https://github.com/apple/swift-nio-extras.git]@1.8.0
decision: swift-nio-http2[https://github.com/apple/swift-nio-http2.git]@1.17.0
derived: swift-nio[everything] 2.27.0..<3.0.0
decision: swift-nio-ssl[https://github.com/apple/swift-nio-ssl.git]@2.13.0
decision: swift-nio[https://github.com/apple/swift-nio.git]@2.29.0
decision: swift-backtrace[https://github.com/swift-server/swift-backtrace.git]@1.2.3
decision: routing-kit[https://github.com/vapor/routing-kit.git]@4.2.1
decision: swift-crypto[https://github.com/apple/swift-crypto.git]@1.1.6
decision: console-kit[https://github.com/vapor/console-kit.git]@4.2.6
decision: async-kit[https://github.com/vapor/async-kit.git]@1.3.1
decision: async-http-client[https://github.com/swift-server/async-http-client.git]@1.2.5
derived: swift-nio-transport-services[everything] 1.5.1..<2.0.0
decision: sql-kit[https://github.com/vapor/sql-kit.git]@3.8.2
decision: mysql-nio[https://github.com/vapor/mysql-nio.git]@1.3.2
decision: swift-nio-transport-services[https://github.com/apple/swift-nio-transport-services.git]@1.10.0
solved:
async-http-client[https://github.com/swift-server/async-http-client.git] 1.2.5
async-kit[https://github.com/vapor/async-kit.git] 1.3.1
console-kit[https://github.com/vapor/console-kit.git] 4.2.6
fluent[https://github.com/vapor/fluent.git] 4.2.0
fluent-kit[https://github.com/vapor/fluent-kit.git] 1.12.0
fluent-mysql-driver[https://github.com/vapor/fluent-mysql-driver.git] 4.0.0
multipart-kit[https://github.com/vapor/multipart-kit.git] 4.0.2
mysql-kit[https://github.com/vapor/mysql-kit.git] 4.1.0
mysql-nio[https://github.com/vapor/mysql-nio.git] 1.3.2
routing-kit[https://github.com/vapor/routing-kit.git] 4.2.1
sql-kit[https://github.com/vapor/sql-kit.git] 3.8.2
swift-backtrace[https://github.com/swift-server/swift-backtrace.git] 1.2.3
swift-crypto[https://github.com/apple/swift-crypto.git] 1.1.6
swift-log[https://github.com/apple/swift-log.git] 1.4.2
swift-metrics[https://github.com/apple/swift-metrics.git] 2.1.1
swift-nio[https://github.com/apple/swift-nio.git] 2.29.0
swift-nio-extras[https://github.com/apple/swift-nio-extras.git] 1.8.0
swift-nio-http2[https://github.com/apple/swift-nio-http2.git] 1.17.0
swift-nio-ssl[https://github.com/apple/swift-nio-ssl.git] 2.13.0
swift-nio-transport-services[https://github.com/apple/swift-nio-transport-services.git] 1.10.0
vapor[https://github.com/vapor/vapor.git] 4.45.2
websocket-kit[https://github.com/vapor/websocket-kit.git] 2.1.2
contact[/Users/yykj0048/Desktop/Project/Vapor-Examples/Contact] unversioned
